<?xml version="1.0" encoding="UTF-8"?>
<!-- Generated by org.testng.reporters.JUnitXMLReporter -->
<testsuite hostname="HDC3-L-76XXMF2" ignored="0" name="Cybernation" tests="6" failures="0" timestamp="24 Jun 2020 09:29:46 GMT" time="65.852" errors="0">
  <testcase name="findSpecialCharacters" time="2.265" classname="site_monitoring.FindingSpecialCharacters"/>
  <testcase name="findmissingassets" time="2.518" classname="site_monitoring.FindingMissingAssets"/>
  <testcase name="SizeOfAssets" time="3.342" classname="site_monitoring.DisplayAssetSizeDriver"/>
  <testcase name="Responsetime" time="14.162" classname="site_monitoring.ResponseTime"/>
  <testcase name="ImageComparison" time="23.672" classname="site_monitoring.PageComparison"/>
  <testcase name="ValidateBrokenLinks" time="65.809" classname="site_monitoring.BrokenLinks"/>
</testsuite> <!-- Cybernation -->
