<?xml version="1.0" encoding="UTF-8"?>
<testng-results skipped="0" failed="0" ignored="0" total="1" passed="1">
  <reporter-output>
  </reporter-output>
  <suite name="Suite" duration-ms="69195" started-at="2021-03-25T11:05:02Z" finished-at="2021-03-25T11:06:11Z">
    <groups>
    </groups>
    <test name="Cybernation" duration-ms="69195" started-at="2021-03-25T11:05:02Z" finished-at="2021-03-25T11:06:11Z">
      <class name="site_monitoring.PageComparison">
        <test-method status="PASS" signature="beforeClass()[pri:0, instance:site_monitoring.PageComparison@2f725cb7]" name="beforeClass" is-config="true" duration-ms="9" started-at="2021-03-25T16:35:02Z" finished-at="2021-03-25T16:35:02Z">
          <reporter-output>
          </reporter-output>
        </test-method> <!-- beforeClass -->
        <test-method status="PASS" signature="ImageComparison()[pri:0, instance:site_monitoring.PageComparison@2f725cb7]" name="ImageComparison" duration-ms="69181" started-at="2021-03-25T16:35:02Z" finished-at="2021-03-25T16:36:11Z">
          <reporter-output>
          </reporter-output>
        </test-method> <!-- ImageComparison -->
        <test-method status="PASS" signature="afterClass()[pri:0, instance:site_monitoring.PageComparison@2f725cb7]" name="afterClass" is-config="true" duration-ms="4" started-at="2021-03-25T16:36:11Z" finished-at="2021-03-25T16:36:11Z">
          <reporter-output>
          </reporter-output>
        </test-method> <!-- afterClass -->
      </class> <!-- site_monitoring.PageComparison -->
    </test> <!-- Cybernation -->
  </suite> <!-- Suite -->
</testng-results>
